0 info it worked if it ends with ok
1 verbose cli [ '/Users/akashtrivedi/.nvm/versions/node/v6.1.0/bin/node',
1 verbose cli   '/Users/akashtrivedi/.nvm/versions/node/v6.1.0/bin/npm',
1 verbose cli   'run',
1 verbose cli   'test' ]
2 info using npm@3.10.6
3 info using node@v6.1.0
4 verbose config Skipping project config: /Users/akashtrivedi/.npmrc. (matches userconfig)
5 verbose run-script [ 'pretest', 'test', 'posttest' ]
6 info lifecycle akashtrivedi@1.0.0~pretest: akashtrivedi@1.0.0
7 silly lifecycle akashtrivedi@1.0.0~pretest: no script for pretest, continuing
8 info lifecycle akashtrivedi@1.0.0~test: akashtrivedi@1.0.0
9 verbose lifecycle akashtrivedi@1.0.0~test: unsafe-perm in lifecycle true
10 verbose lifecycle akashtrivedi@1.0.0~test: PATH: /Users/akashtrivedi/.nvm/versions/node/v6.1.0/lib/node_modules/npm/bin/node-gyp-bin:/Users/akashtrivedi/node_modules/.bin:/Users/akashtrivedi/.nvm/versions/node/v6.1.0/bin:/Users/akashtrivedi/.rvm/gems/ruby-2.5.1/bin:/Users/akashtrivedi/.rvm/gems/ruby-2.5.1@global/bin:/Users/akashtrivedi/.rvm/rubies/ruby-2.5.1/bin:/Users/akashtrivedi/.rvm/bin:/Users/akashtrivedi/.local/bin:/usr/local/bin:/usr/local/bin:/usr/bin:/bin:/usr/sbin:/sbin:/usr/local/git/bin:/Users/akashtrivedi/.nvm/versions/node/v6.1.0/bin:/Users/akashtrivedi/.rvm/gems/ruby-2.5.1/bin:/Users/akashtrivedi/.rvm/gems/ruby-2.5.1@global/bin:/Users/akashtrivedi/.rvm/rubies/ruby-2.5.1/bin:/Users/akashtrivedi/.rvm/bin:/Users/akashtrivedi/.local/bin:/Users/akashtrivedi/.rvm/bin
11 verbose lifecycle akashtrivedi@1.0.0~test: CWD: /Users/akashtrivedi
12 silly lifecycle akashtrivedi@1.0.0~test: Args: [ '-c', 'echo "Error: no test specified" && exit 1' ]
13 silly lifecycle akashtrivedi@1.0.0~test: Returned: code: 1  signal: null
14 info lifecycle akashtrivedi@1.0.0~test: Failed to exec test script
15 verbose stack Error: akashtrivedi@1.0.0 test: `echo "Error: no test specified" && exit 1`
15 verbose stack Exit status 1
15 verbose stack     at EventEmitter.<anonymous> (/Users/akashtrivedi/.nvm/versions/node/v6.1.0/lib/node_modules/npm/lib/utils/lifecycle.js:255:16)
15 verbose stack     at emitTwo (events.js:106:13)
15 verbose stack     at EventEmitter.emit (events.js:191:7)
15 verbose stack     at ChildProcess.<anonymous> (/Users/akashtrivedi/.nvm/versions/node/v6.1.0/lib/node_modules/npm/lib/utils/spawn.js:40:14)
15 verbose stack     at emitTwo (events.js:106:13)
15 verbose stack     at ChildProcess.emit (events.js:191:7)
15 verbose stack     at maybeClose (internal/child_process.js:850:16)
15 verbose stack     at Process.ChildProcess._handle.onexit (internal/child_process.js:215:5)
16 verbose pkgid akashtrivedi@1.0.0
17 verbose cwd /Users/akashtrivedi/Documents/Programming/Takehome/dharma/take-home
18 error Darwin 17.6.0
19 error argv "/Users/akashtrivedi/.nvm/versions/node/v6.1.0/bin/node" "/Users/akashtrivedi/.nvm/versions/node/v6.1.0/bin/npm" "run" "test"
20 error node v6.1.0
21 error npm  v3.10.6
22 error code ELIFECYCLE
23 error akashtrivedi@1.0.0 test: `echo "Error: no test specified" && exit 1`
23 error Exit status 1
24 error Failed at the akashtrivedi@1.0.0 test script 'echo "Error: no test specified" && exit 1'.
24 error Make sure you have the latest version of node.js and npm installed.
24 error If you do, this is most likely a problem with the akashtrivedi package,
24 error not with npm itself.
24 error Tell the author that this fails on your system:
24 error     echo "Error: no test specified" && exit 1
24 error You can get information on how to open an issue for this project with:
24 error     npm bugs akashtrivedi
24 error Or if that isn't available, you can get their info via:
24 error     npm owner ls akashtrivedi
24 error There is likely additional logging output above.
25 verbose exit [ 1, true ]
