0 info it worked if it ends with ok
1 verbose cli [ '/Users/akashtrivedi/.nvm/versions/node/v6.1.0/bin/node',
1 verbose cli   '/Users/akashtrivedi/.nvm/versions/node/v6.1.0/bin/npm',
1 verbose cli   'run',
1 verbose cli   'test' ]
2 info using npm@3.10.6
3 info using node@v6.1.0
4 verbose run-script [ 'pretest', 'test', 'posttest' ]
5 info lifecycle example@1.0.0~pretest: example@1.0.0
6 silly lifecycle example@1.0.0~pretest: no script for pretest, continuing
7 info lifecycle example@1.0.0~test: example@1.0.0
8 verbose lifecycle example@1.0.0~test: unsafe-perm in lifecycle true
9 verbose lifecycle example@1.0.0~test: PATH: /Users/akashtrivedi/.nvm/versions/node/v6.1.0/lib/node_modules/npm/bin/node-gyp-bin:/Users/akashtrivedi/Documents/Programming/Takehome/dharma/take-home/getLiquidatableLoans/node_modules/.bin:/Users/akashtrivedi/.nvm/versions/node/v6.1.0/bin:/Users/akashtrivedi/.rvm/gems/ruby-2.5.1/bin:/Users/akashtrivedi/.rvm/gems/ruby-2.5.1@global/bin:/Users/akashtrivedi/.rvm/rubies/ruby-2.5.1/bin:/Users/akashtrivedi/.rvm/bin:/Users/akashtrivedi/.local/bin:/usr/local/bin:/usr/local/bin:/usr/bin:/bin:/usr/sbin:/sbin:/usr/local/git/bin:/Users/akashtrivedi/.nvm/versions/node/v6.1.0/bin:/Users/akashtrivedi/.rvm/gems/ruby-2.5.1/bin:/Users/akashtrivedi/.rvm/gems/ruby-2.5.1@global/bin:/Users/akashtrivedi/.rvm/rubies/ruby-2.5.1/bin:/Users/akashtrivedi/.rvm/bin:/Users/akashtrivedi/.local/bin:/Users/akashtrivedi/.rvm/bin
10 verbose lifecycle example@1.0.0~test: CWD: /Users/akashtrivedi/Documents/Programming/Takehome/dharma/take-home/getLiquidatableLoans
11 silly lifecycle example@1.0.0~test: Args: [ '-c', 'mocha main.spec.js' ]
12 silly lifecycle example@1.0.0~test: Returned: code: 1  signal: null
13 info lifecycle example@1.0.0~test: Failed to exec test script
14 verbose stack Error: example@1.0.0 test: `mocha main.spec.js`
14 verbose stack Exit status 1
14 verbose stack     at EventEmitter.<anonymous> (/Users/akashtrivedi/.nvm/versions/node/v6.1.0/lib/node_modules/npm/lib/utils/lifecycle.js:255:16)
14 verbose stack     at emitTwo (events.js:106:13)
14 verbose stack     at EventEmitter.emit (events.js:191:7)
14 verbose stack     at ChildProcess.<anonymous> (/Users/akashtrivedi/.nvm/versions/node/v6.1.0/lib/node_modules/npm/lib/utils/spawn.js:40:14)
14 verbose stack     at emitTwo (events.js:106:13)
14 verbose stack     at ChildProcess.emit (events.js:191:7)
14 verbose stack     at maybeClose (internal/child_process.js:850:16)
14 verbose stack     at Process.ChildProcess._handle.onexit (internal/child_process.js:215:5)
15 verbose pkgid example@1.0.0
16 verbose cwd /Users/akashtrivedi/Documents/Programming/Takehome/dharma/take-home/getLiquidatableLoans
17 error Darwin 17.6.0
18 error argv "/Users/akashtrivedi/.nvm/versions/node/v6.1.0/bin/node" "/Users/akashtrivedi/.nvm/versions/node/v6.1.0/bin/npm" "run" "test"
19 error node v6.1.0
20 error npm  v3.10.6
21 error code ELIFECYCLE
22 error example@1.0.0 test: `mocha main.spec.js`
22 error Exit status 1
23 error Failed at the example@1.0.0 test script 'mocha main.spec.js'.
23 error Make sure you have the latest version of node.js and npm installed.
23 error If you do, this is most likely a problem with the example package,
23 error not with npm itself.
23 error Tell the author that this fails on your system:
23 error     mocha main.spec.js
23 error You can get information on how to open an issue for this project with:
23 error     npm bugs example
23 error Or if that isn't available, you can get their info via:
23 error     npm owner ls example
23 error There is likely additional logging output above.
24 verbose exit [ 1, true ]
